<?xml version="1.0" encoding="UTF-8"?>
<!-- Generated by org.testng.reporters.JUnitXMLReporter -->
<testsuite ignored="0" hostname="QB-CLT-1378" failures="1" tests="2" name="Automation tests" time="26.153" errors="0" timestamp="2023-03-22T13:34:17 IST">
  <testcase classname="AutomationTestCases" name="Login_to_the_ecommerce_application" time="11.145"/>
  <testcase classname="AutomationTestCases" name="Shop_new_product" time="10.459">
    <failure type="java.lang.AssertionError" message="expected [Productss] but found [Products]">
      <![CDATA[java.lang.AssertionError: expected [Productss] but found [Products]
at AutomationTestCases.Shop_new_product(AutomationTestCases.java:38)
at java.base/java.util.ArrayList.forEach(ArrayList.java:1511)
... Removed 37 stack frames]]>
    </failure>
  </testcase> <!-- Shop_new_product -->
</testsuite> <!-- Automation tests -->
